TN:
SF:src\data\postgres\index.ts
FNF:0
FNH:0
DA:1,1
DA:2,1
DA:3,1
DA:4,1
LF:4
LH:4
BRF:0
BRH:0
end_of_record
TN:
SF:src\domain\index.ts
FNF:0
FNH:0
DA:1,1
DA:2,1
DA:3,1
DA:4,1
DA:5,1
DA:6,1
DA:7,1
DA:8,1
DA:9,1
DA:10,1
DA:11,1
DA:12,1
DA:13,1
LF:13
LH:13
BRF:0
BRH:0
end_of_record
TN:
SF:src\domain\errors\custom.error.ts
FN:6,CustomError
FNF:1
FNH:1
FNDA:3,CustomError
DA:1,1
DA:2,1
DA:3,1
DA:4,1
DA:5,1
DA:6,1
DA:7,3
DA:8,3
DA:9,3
DA:10,3
DA:11,3
DA:12,1
DA:13,1
LF:13
LH:13
BRDA:6,0,0,3
BRF:1
BRH:1
end_of_record
TN:
SF:src\infrastructure\datasource\prisma\todo\todo.datasource.impl.ts
FN:7,create
FN:15,getAll
FN:20,findById
FN:27,update
FN:37,delete
FNF:5
FNH:5
FNDA:1,create
FNDA:1,getAll
FNDA:7,findById
FNDA:3,update
FNDA:2,delete
DA:1,1
DA:2,1
DA:3,1
DA:4,1
DA:5,1
DA:6,1
DA:7,1
DA:8,1
DA:9,1
DA:10,1
DA:11,1
DA:12,1
DA:13,1
DA:14,1
DA:15,1
DA:16,1
DA:17,1
DA:18,1
DA:19,1
DA:20,1
DA:21,7
DA:22,7
DA:23,7
DA:24,4
DA:25,4
DA:26,1
DA:27,1
DA:28,3
DA:29,2
DA:30,2
DA:31,2
DA:32,2
DA:33,2
DA:34,2
DA:35,2
DA:36,1
DA:37,1
DA:38,2
DA:39,1
DA:40,1
DA:41,1
DA:42,1
DA:43,1
DA:44,1
DA:45,1
DA:46,1
LF:46
LH:46
BRDA:7,0,0,1
BRDA:15,1,0,1
BRDA:20,2,0,7
BRDA:21,3,0,0
BRDA:23,4,0,3
BRDA:24,5,0,4
BRDA:27,6,0,3
BRDA:29,7,0,2
BRDA:37,8,0,2
BRDA:39,9,0,1
BRF:10
BRH:9
end_of_record
TN:
SF:src\presentation\todos\todo-controller.ts
FN:8,TodoController
FN:17,TodoController.getTodos
FN:25,TodoController.getTodoById
FN:32,TodoController.createTodo
FN:41,TodoController.updateTodo
FN:53,TodoController.deleteTodoById
FN:12,handleError
FNF:7
FNH:7
FNDA:2,TodoController
FNDA:1,TodoController.getTodos
FNDA:2,TodoController.getTodoById
FNDA:2,TodoController.createTodo
FNDA:3,TodoController.updateTodo
FNDA:2,TodoController.deleteTodoById
FNDA:3,handleError
DA:1,1
DA:2,1
DA:3,1
DA:4,1
DA:5,1
DA:6,1
DA:7,1
DA:8,1
DA:9,2
DA:10,2
DA:11,1
DA:12,1
DA:13,3
DA:14,0
DA:15,0
DA:16,1
DA:17,1
DA:18,1
DA:19,1
DA:20,1
DA:21,1
DA:22,1
DA:23,1
DA:24,1
DA:25,1
DA:26,2
DA:27,2
DA:28,2
DA:29,2
DA:30,2
DA:31,1
DA:32,1
DA:33,2
DA:34,2
DA:35,1
DA:36,1
DA:37,1
DA:38,1
DA:39,1
DA:40,1
DA:41,1
DA:42,3
DA:43,3
DA:44,3
DA:45,3
DA:46,3
DA:47,3
DA:48,3
DA:49,3
DA:50,3
DA:51,3
DA:52,1
DA:53,1
DA:54,2
DA:55,2
DA:56,2
DA:57,2
DA:58,2
DA:59,2
DA:60,2
DA:61,1
DA:62,1
LF:62
LH:60
BRDA:8,0,0,2
BRDA:17,1,0,1
BRDA:20,2,0,1
BRDA:25,3,0,2
BRDA:28,4,0,1
BRDA:29,5,0,1
BRDA:32,6,0,2
BRDA:34,7,0,1
BRDA:37,8,0,1
BRDA:41,9,0,3
BRDA:44,10,0,0
BRDA:48,11,0,2
BRDA:49,12,0,1
BRDA:53,13,0,2
BRDA:57,14,0,1
BRDA:58,15,0,1
BRDA:12,16,0,3
BRDA:14,17,0,0
BRF:18
BRH:16
end_of_record
TN:
SF:tests\test-server.ts
FNF:0
FNH:0
DA:1,1
DA:2,1
DA:3,1
DA:4,1
DA:5,1
DA:6,1
DA:7,1
DA:8,1
LF:8
LH:8
BRF:0
BRH:0
end_of_record
